TN:
SF:src/client.ts
FN:15,<instance_members_initializer>
FN:16,Client
FN:18,conect_to_send
FN:31,conect_to_recive
FNF:4
FNH:4
FNDA:6,<instance_members_initializer>
FNDA:6,Client
FNDA:4,conect_to_send
FNDA:2,conect_to_recive
DA:1,1
DA:2,1
DA:3,1
DA:4,1
DA:5,1
DA:6,1
DA:7,1
DA:8,1
DA:9,1
DA:10,1
DA:11,1
DA:12,1
DA:13,1
DA:14,1
DA:15,6
DA:16,6
DA:17,6
DA:18,6
DA:19,4
DA:20,4
DA:21,4
DA:22,4
DA:23,4
DA:24,3
DA:25,4
DA:26,1
DA:27,1
DA:28,4
DA:29,4
DA:30,4
DA:31,6
DA:32,2
DA:33,2
DA:34,2
DA:35,2
DA:36,2
DA:37,2
DA:38,2
DA:39,2
DA:40,2
DA:41,2
DA:42,2
DA:43,2
DA:44,5
DA:45,5
DA:46,5
DA:47,5
DA:48,5
DA:49,5
DA:50,5
DA:51,5
DA:52,5
DA:53,5
DA:54,5
DA:55,5
DA:56,5
DA:57,5
DA:58,5
DA:59,5
DA:60,5
DA:61,5
DA:62,5
DA:63,0
DA:64,0
DA:65,0
DA:66,5
DA:67,5
DA:68,5
DA:69,2
DA:70,2
DA:71,0
DA:72,0
DA:73,0
DA:74,2
DA:75,2
DA:76,2
DA:77,2
DA:78,2
DA:79,2
DA:80,2
DA:81,6
DA:82,1
DA:83,1
LF:83
LH:77
BRDA:15,0,0,6
BRDA:16,1,0,6
BRDA:18,2,0,4
BRDA:23,3,0,3
BRDA:25,4,0,1
BRDA:31,5,0,2
BRDA:39,6,0,2
BRDA:70,7,0,0
BRDA:43,8,0,5
BRDA:45,9,0,1
BRDA:47,10,0,0
BRDA:48,11,0,4
BRDA:49,12,0,4
BRDA:62,13,0,0
BRDA:67,14,0,1
BRF:15
BRH:12
end_of_record
TN:
SF:src/server.ts
FN:12,<instance_members_initializer>
FN:13,server
FN:15,conected
FNF:3
FNH:3
FNDA:6,<instance_members_initializer>
FNDA:6,server
FNDA:6,conected
DA:1,1
DA:2,1
DA:3,1
DA:4,1
DA:5,1
DA:6,1
DA:7,1
DA:8,1
DA:9,1
DA:10,1
DA:11,1
DA:12,6
DA:13,6
DA:14,6
DA:15,6
DA:16,6
DA:17,6
DA:18,6
DA:19,6
DA:20,6
DA:21,6
DA:22,6
DA:23,6
DA:24,6
DA:25,3
DA:26,3
DA:27,3
DA:28,3
DA:29,3
DA:30,3
DA:31,3
DA:32,3
DA:33,6
DA:34,6
DA:35,3
DA:36,3
DA:37,3
DA:38,6
DA:39,6
DA:40,6
DA:41,3
DA:42,3
DA:43,3
DA:44,0
DA:45,3
DA:46,3
DA:47,3
DA:48,3
DA:49,3
DA:50,3
DA:51,6
DA:52,1
DA:53,1
DA:54,0
DA:55,0
DA:56,0
DA:57,0
DA:58,0
DA:59,1
DA:60,1
DA:61,1
DA:62,6
DA:63,0
DA:64,0
DA:65,0
DA:66,0
DA:67,0
DA:68,0
DA:69,0
DA:70,0
DA:71,0
DA:72,0
DA:73,6
DA:74,1
DA:75,1
DA:76,1
DA:77,1
DA:78,0
DA:79,0
DA:80,1
DA:81,1
DA:82,6
DA:83,1
DA:84,1
DA:85,1
DA:86,1
DA:87,1
DA:88,0
DA:89,0
DA:90,1
DA:91,1
DA:92,1
DA:93,6
DA:94,6
DA:95,6
DA:96,6
DA:97,6
DA:98,6
DA:99,6
DA:100,6
DA:101,6
DA:102,6
DA:103,6
DA:104,6
LF:104
LH:84
BRDA:12,0,0,6
BRDA:13,1,0,6
BRDA:15,2,0,6
BRDA:17,3,0,6
BRDA:18,4,0,6
BRDA:24,5,0,3
BRDA:27,6,0,2
BRDA:29,7,0,0
BRDA:31,8,0,1
BRDA:34,9,0,3
BRDA:40,10,0,3
BRDA:51,11,0,1
BRDA:62,12,0,0
BRDA:73,13,0,1
BRDA:82,14,0,1
BRDA:93,15,0,0
BRDA:42,16,0,3
BRDA:43,17,0,0
BRDA:74,18,0,1
BRDA:77,19,0,0
BRDA:84,20,0,1
BRDA:87,21,0,0
BRDA:99,22,0,6
BRF:23
BRH:17
end_of_record
TN:
SF:src/Cartas/Carta_Planeswalker.ts
FN:5,<instance_members_initializer>
FN:7,Cartas_Planeswalker
FN:12,toJSON
FNF:3
FNH:3
FNDA:7,<instance_members_initializer>
FNDA:7,Cartas_Planeswalker
FNDA:4,toJSON
DA:1,1
DA:2,1
DA:3,1
DA:4,1
DA:5,7
DA:6,7
DA:7,7
DA:8,7
DA:9,7
DA:10,7
DA:11,7
DA:12,7
DA:13,4
DA:14,4
DA:15,4
DA:16,4
DA:17,4
DA:18,7
DA:19,1
DA:20,1
LF:20
LH:20
BRDA:5,0,0,7
BRDA:7,1,0,7
BRDA:12,2,0,4
BRF:3
BRH:3
end_of_record
TN:
SF:src/Cartas/Cartas.ts
FN:22,<instance_members_initializer>
FN:25,Carta
FN:38,toJSON
FNF:3
FNH:3
FNDA:29,<instance_members_initializer>
FNDA:29,Carta
FNDA:14,toJSON
DA:1,1
DA:2,1
DA:3,1
DA:4,1
DA:5,1
DA:6,1
DA:7,1
DA:8,1
DA:9,1
DA:10,1
DA:11,1
DA:12,1
DA:13,1
DA:14,1
DA:15,1
DA:16,1
DA:17,1
DA:18,1
DA:19,1
DA:20,1
DA:21,1
DA:22,1
DA:23,29
DA:24,29
DA:25,29
DA:26,29
DA:27,29
DA:28,29
DA:29,29
DA:30,28
DA:31,28
DA:32,29
DA:33,27
DA:34,27
DA:35,29
DA:36,29
DA:37,29
DA:38,29
DA:39,14
DA:40,14
DA:41,14
DA:42,14
DA:43,14
DA:44,14
DA:45,14
DA:46,14
DA:47,14
DA:48,14
DA:49,14
DA:50,14
DA:51,29
DA:52,1
DA:53,1
DA:54,1
LF:54
LH:54
BRDA:2,0,0,1
BRDA:4,1,0,1
BRDA:6,2,0,1
BRDA:22,3,0,29
BRDA:25,4,0,29
BRDA:29,5,0,1
BRDA:30,6,0,28
BRDA:32,7,0,1
BRDA:33,8,0,27
BRDA:35,9,0,1
BRDA:38,10,0,14
BRF:11
BRH:11
end_of_record
TN:
SF:src/Cartas/Cartas_Criatura.ts
FN:7,<instance_members_initializer>
FN:9,Carta_Criatura
FN:14,toJSON
FNF:3
FNH:3
FNDA:2,<instance_members_initializer>
FNDA:2,Carta_Criatura
FNDA:2,toJSON
DA:1,1
DA:2,1
DA:3,1
DA:4,1
DA:5,1
DA:6,1
DA:7,2
DA:8,2
DA:9,2
DA:10,2
DA:11,2
DA:12,2
DA:13,2
DA:14,2
DA:15,2
DA:16,2
DA:17,2
DA:18,2
DA:19,2
DA:20,2
DA:21,2
DA:22,2
DA:23,1
DA:24,1
LF:24
LH:24
BRDA:7,0,0,2
BRDA:9,1,0,2
BRDA:14,2,0,2
BRF:3
BRH:3
end_of_record
TN:
SF:src/gestorfichero/GestorFichero.ts
FN:27,<instance_members_initializer>
FN:28,GestorFichero
FN:31,escribir_archivo
FN:79,mostrar_archivo
FN:132,search_archivo
FN:178,borrar_archivo
FN:223,modificar_archivo
FNF:7
FNH:6
FNDA:6,<instance_members_initializer>
FNDA:6,GestorFichero
FNDA:3,escribir_archivo
FNDA:1,mostrar_archivo
FNDA:1,search_archivo
FNDA:0,borrar_archivo
FNDA:1,modificar_archivo
DA:1,1
DA:2,1
DA:3,1
DA:4,1
DA:5,1
DA:6,1
DA:7,1
DA:8,1
DA:9,1
DA:10,1
DA:11,1
DA:12,1
DA:13,1
DA:14,1
DA:15,1
DA:16,1
DA:17,1
DA:18,1
DA:19,1
DA:20,1
DA:21,1
DA:22,1
DA:23,1
DA:24,1
DA:25,1
DA:26,1
DA:27,6
DA:28,6
DA:29,6
DA:30,6
DA:31,6
DA:32,3
DA:33,3
DA:34,3
DA:35,3
DA:36,3
DA:37,0
DA:38,0
DA:39,0
DA:40,0
DA:41,0
DA:42,0
DA:43,0
DA:44,0
DA:45,0
DA:46,0
DA:47,0
DA:48,0
DA:49,0
DA:50,0
DA:51,0
DA:52,0
DA:53,0
DA:54,0
DA:55,0
DA:56,0
DA:57,0
DA:58,3
DA:59,3
DA:60,3
DA:61,3
DA:62,3
DA:63,0
DA:64,0
DA:65,0
DA:66,3
DA:67,3
DA:68,3
DA:69,3
DA:70,3
DA:71,3
DA:72,3
DA:73,3
DA:74,3
DA:75,3
DA:76,3
DA:77,3
DA:78,6
DA:79,6
DA:80,1
DA:81,1
DA:82,0
DA:83,0
DA:84,1
DA:85,1
DA:86,1
DA:87,0
DA:88,0
DA:89,0
DA:90,0
DA:91,1
DA:92,1
DA:93,1
DA:94,4
DA:95,4
DA:96,0
DA:97,0
DA:98,0
DA:99,0
DA:100,4
DA:101,4
DA:102,4
DA:103,4
DA:104,4
DA:105,4
DA:106,4
DA:107,0
DA:108,0
DA:109,4
DA:110,1
DA:111,4
DA:112,3
DA:113,3
DA:114,4
DA:115,4
DA:116,4
DA:117,4
DA:118,4
DA:119,4
DA:120,4
DA:121,4
DA:122,1
DA:123,1
DA:124,4
DA:125,4
DA:126,1
DA:127,1
DA:128,1
DA:129,1
DA:130,1
DA:131,6
DA:132,1
DA:133,1
DA:134,1
DA:135,1
DA:136,1
DA:137,1
DA:138,0
DA:139,0
DA:140,1
DA:141,1
DA:142,1
DA:143,0
DA:144,0
DA:145,1
DA:146,1
DA:147,4
DA:148,4
DA:149,4
DA:150,4
DA:151,4
DA:152,4
DA:153,0
DA:154,4
DA:155,4
DA:156,4
DA:157,0
DA:158,0
DA:159,4
DA:160,1
DA:161,4
DA:162,3
DA:163,3
DA:164,4
DA:165,4
DA:166,1
DA:167,1
DA:168,1
DA:169,4
DA:170,4
DA:171,1
DA:172,1
DA:173,1
DA:174,1
DA:175,1
DA:176,1
DA:177,6
DA:178,6
DA:179,0
DA:180,0
DA:181,0
DA:182,0
DA:183,0
DA:184,0
DA:185,0
DA:186,0
DA:187,0
DA:188,0
DA:189,0
DA:190,0
DA:191,0
DA:192,0
DA:193,0
DA:194,0
DA:195,0
DA:196,0
DA:197,0
DA:198,0
DA:199,0
DA:200,0
DA:201,0
DA:202,0
DA:203,0
DA:204,0
DA:205,0
DA:206,0
DA:207,0
DA:208,0
DA:209,0
DA:210,0
DA:211,0
DA:212,0
DA:213,0
DA:214,0
DA:215,0
DA:216,0
DA:217,0
DA:218,0
DA:219,0
DA:220,0
DA:221,0
DA:222,0
DA:223,6
DA:224,1
DA:225,1
DA:226,1
DA:227,1
DA:228,0
DA:229,1
DA:230,1
DA:231,1
DA:232,1
DA:233,1
DA:234,0
DA:235,0
DA:236,1
DA:237,1
DA:238,1
DA:239,1
DA:240,4
DA:241,4
DA:242,4
DA:243,4
DA:244,0
DA:245,4
DA:246,4
DA:247,4
DA:248,4
DA:249,0
DA:250,0
DA:251,4
DA:252,4
DA:253,4
DA:254,4
DA:255,3
DA:256,3
DA:257,3
DA:258,4
DA:259,4
DA:260,4
DA:261,0
DA:262,0
DA:263,0
DA:264,0
DA:265,0
DA:266,0
DA:267,0
DA:268,0
DA:269,0
DA:270,0
DA:271,0
DA:272,0
DA:273,0
DA:274,0
DA:275,0
DA:276,0
DA:277,0
DA:278,0
DA:279,0
DA:280,0
DA:281,0
DA:282,0
DA:283,0
DA:284,0
DA:285,0
DA:286,0
DA:287,0
DA:288,0
DA:289,0
DA:290,0
DA:291,0
DA:292,0
DA:293,0
DA:294,0
DA:295,0
DA:296,0
DA:297,0
DA:298,0
DA:299,0
DA:300,0
DA:301,0
DA:302,0
DA:303,0
DA:304,0
DA:305,0
DA:306,0
DA:307,0
DA:308,0
DA:309,0
DA:310,0
DA:311,0
DA:312,0
DA:313,0
DA:314,4
DA:315,4
DA:316,4
DA:317,1
DA:318,1
DA:319,1
DA:320,1
DA:321,1
DA:322,6
DA:323,6
DA:324,1
DA:325,1
LF:325
LH:179
BRDA:27,0,0,6
BRDA:28,1,0,6
BRDA:31,2,0,3
BRDA:34,3,0,3
BRDA:36,4,0,0
BRDA:60,5,0,3
BRDA:62,6,0,0
BRDA:79,7,0,1
BRDA:80,8,0,1
BRDA:81,9,0,0
BRDA:85,10,0,1
BRDA:86,11,0,0
BRDA:93,12,0,4
BRDA:94,13,0,4
BRDA:95,14,0,0
BRDA:106,15,0,0
BRDA:106,16,0,0
BRDA:109,17,0,1
BRDA:111,18,0,3
BRDA:121,19,0,1
BRDA:132,20,0,1
BRDA:136,21,0,1
BRDA:137,22,0,0
BRDA:141,23,0,1
BRDA:142,24,0,0
BRDA:146,25,0,4
BRDA:147,26,0,0
BRDA:151,27,0,4
BRDA:152,28,0,0
BRDA:156,29,0,0
BRDA:156,30,0,0
BRDA:159,31,0,1
BRDA:161,32,0,3
BRDA:165,33,0,1
BRDA:223,34,0,1
BRDA:225,35,0,1
BRDA:227,36,0,0
BRDA:231,37,0,1
BRDA:233,38,0,0
BRDA:239,39,0,4
BRDA:241,40,0,4
BRDA:243,41,0,0
BRDA:247,42,0,0
BRDA:248,43,0,0
BRDA:254,44,0,1
BRDA:255,45,0,3
BRDA:260,46,0,0
BRF:47
BRH:28
end_of_record
