TN:
SF:src/client.ts
FN:17,<instance_members_initializer>
FN:18,Client
FN:26,conect_to_send
FN:46,conect_to_recive
FNF:4
FNH:4
FNDA:7,<instance_members_initializer>
FNDA:7,Client
FNDA:4,conect_to_send
FNDA:3,conect_to_recive
DA:1,1
DA:2,1
DA:3,1
DA:4,1
DA:5,1
DA:6,1
DA:7,1
DA:8,1
DA:9,1
DA:10,1
DA:11,1
DA:12,1
DA:13,1
DA:14,1
DA:15,1
DA:16,1
DA:17,7
DA:18,7
DA:19,7
DA:20,7
DA:21,7
DA:22,7
DA:23,7
DA:24,7
DA:25,7
DA:26,7
DA:27,4
DA:28,4
DA:29,4
DA:30,4
DA:31,4
DA:32,4
DA:33,3
DA:34,4
DA:35,1
DA:36,1
DA:37,4
DA:38,4
DA:39,4
DA:40,7
DA:41,7
DA:42,7
DA:43,7
DA:44,7
DA:45,7
DA:46,7
DA:47,3
DA:48,3
DA:49,3
DA:50,3
DA:51,3
DA:52,3
DA:53,3
DA:54,3
DA:55,3
DA:56,3
DA:57,3
DA:58,3
DA:59,5
DA:60,5
DA:61,5
DA:62,5
DA:63,5
DA:64,5
DA:65,5
DA:66,5
DA:67,5
DA:68,5
DA:69,5
DA:70,5
DA:71,5
DA:72,5
DA:73,5
DA:74,5
DA:75,5
DA:76,5
DA:77,5
DA:78,0
DA:79,0
DA:80,0
DA:81,5
DA:82,5
DA:83,5
DA:84,3
DA:85,3
DA:86,1
DA:87,1
DA:88,1
DA:89,3
DA:90,3
DA:91,3
DA:92,3
DA:93,3
DA:94,3
DA:95,3
DA:96,7
DA:97,1
DA:98,1
LF:98
LH:95
BRDA:17,0,0,7
BRDA:18,1,0,7
BRDA:26,2,0,4
BRDA:32,3,0,3
BRDA:34,4,0,1
BRDA:46,5,0,3
BRDA:54,6,0,3
BRDA:85,7,0,1
BRDA:58,8,0,5
BRDA:60,9,0,1
BRDA:62,10,0,0
BRDA:63,11,0,4
BRDA:64,12,0,4
BRDA:77,13,0,0
BRDA:82,14,0,1
BRF:15
BRH:13
end_of_record
TN:
SF:src/server.ts
FN:14,<instance_members_initializer>
FN:19,server
FN:22,conected
FNF:3
FNH:3
FNDA:7,<instance_members_initializer>
FNDA:7,server
FNDA:7,conected
DA:1,1
DA:2,1
DA:3,1
DA:4,1
DA:5,1
DA:6,1
DA:7,1
DA:8,1
DA:9,1
DA:10,1
DA:11,1
DA:12,1
DA:13,1
DA:14,7
DA:15,7
DA:16,7
DA:17,7
DA:18,7
DA:19,7
DA:20,7
DA:21,7
DA:22,7
DA:23,7
DA:24,7
DA:25,7
DA:26,7
DA:27,7
DA:28,7
DA:29,7
DA:30,7
DA:31,7
DA:32,3
DA:33,3
DA:34,3
DA:35,3
DA:36,3
DA:37,3
DA:38,3
DA:39,3
DA:40,7
DA:41,7
DA:42,4
DA:43,4
DA:44,4
DA:45,7
DA:46,7
DA:47,7
DA:48,3
DA:49,3
DA:50,3
DA:51,0
DA:52,3
DA:53,3
DA:54,3
DA:55,3
DA:56,3
DA:57,3
DA:58,7
DA:59,1
DA:60,1
DA:61,0
DA:62,0
DA:63,0
DA:64,0
DA:65,0
DA:66,1
DA:67,1
DA:68,1
DA:69,7
DA:70,1
DA:71,1
DA:72,1
DA:73,0
DA:74,1
DA:75,1
DA:76,1
DA:77,1
DA:78,1
DA:79,1
DA:80,7
DA:81,1
DA:82,1
DA:83,1
DA:84,1
DA:85,0
DA:86,0
DA:87,1
DA:88,1
DA:89,7
DA:90,1
DA:91,1
DA:92,1
DA:93,1
DA:94,1
DA:95,0
DA:96,0
DA:97,1
DA:98,1
DA:99,1
DA:100,7
DA:101,7
DA:102,7
DA:103,7
DA:104,7
DA:105,7
DA:106,7
DA:107,7
DA:108,7
DA:109,7
DA:110,7
DA:111,7
LF:111
LH:100
BRDA:14,0,0,7
BRDA:19,1,0,7
BRDA:22,2,0,7
BRDA:24,3,0,7
BRDA:25,4,0,7
BRDA:31,5,0,3
BRDA:34,6,0,2
BRDA:36,7,0,0
BRDA:38,8,0,1
BRDA:41,9,0,4
BRDA:47,10,0,3
BRDA:58,11,0,1
BRDA:69,12,0,1
BRDA:80,13,0,1
BRDA:89,14,0,1
BRDA:100,15,0,0
BRDA:49,16,0,3
BRDA:50,17,0,0
BRDA:71,18,0,1
BRDA:72,19,0,0
BRDA:81,20,0,1
BRDA:84,21,0,0
BRDA:91,22,0,1
BRDA:94,23,0,0
BRDA:106,24,0,7
BRF:25
BRH:19
end_of_record
TN:
SF:src/Cartas/Carta_Planeswalker.ts
FN:5,<instance_members_initializer>
FN:7,Cartas_Planeswalker
FN:12,toJSON
FNF:3
FNH:3
FNDA:7,<instance_members_initializer>
FNDA:7,Cartas_Planeswalker
FNDA:4,toJSON
DA:1,1
DA:2,1
DA:3,1
DA:4,1
DA:5,7
DA:6,7
DA:7,7
DA:8,7
DA:9,7
DA:10,7
DA:11,7
DA:12,7
DA:13,4
DA:14,4
DA:15,4
DA:16,4
DA:17,4
DA:18,7
DA:19,1
DA:20,1
LF:20
LH:20
BRDA:5,0,0,7
BRDA:7,1,0,7
BRDA:12,2,0,4
BRF:3
BRH:3
end_of_record
TN:
SF:src/Cartas/Cartas.ts
FN:22,<instance_members_initializer>
FN:25,Carta
FN:38,toJSON
FNF:3
FNH:3
FNDA:30,<instance_members_initializer>
FNDA:30,Carta
FNDA:15,toJSON
DA:1,1
DA:2,1
DA:3,1
DA:4,1
DA:5,1
DA:6,1
DA:7,1
DA:8,1
DA:9,1
DA:10,1
DA:11,1
DA:12,1
DA:13,1
DA:14,1
DA:15,1
DA:16,1
DA:17,1
DA:18,1
DA:19,1
DA:20,1
DA:21,1
DA:22,1
DA:23,30
DA:24,30
DA:25,30
DA:26,30
DA:27,30
DA:28,30
DA:29,30
DA:30,29
DA:31,29
DA:32,30
DA:33,28
DA:34,28
DA:35,30
DA:36,30
DA:37,30
DA:38,30
DA:39,15
DA:40,15
DA:41,15
DA:42,15
DA:43,15
DA:44,15
DA:45,15
DA:46,15
DA:47,15
DA:48,15
DA:49,15
DA:50,15
DA:51,30
DA:52,1
DA:53,1
DA:54,1
LF:54
LH:54
BRDA:2,0,0,1
BRDA:4,1,0,1
BRDA:6,2,0,1
BRDA:22,3,0,30
BRDA:25,4,0,30
BRDA:29,5,0,1
BRDA:30,6,0,29
BRDA:32,7,0,1
BRDA:33,8,0,28
BRDA:35,9,0,1
BRDA:38,10,0,15
BRF:11
BRH:11
end_of_record
TN:
SF:src/Cartas/Cartas_Criatura.ts
FN:7,<instance_members_initializer>
FN:9,Carta_Criatura
FN:14,toJSON
FNF:3
FNH:3
FNDA:2,<instance_members_initializer>
FNDA:2,Carta_Criatura
FNDA:2,toJSON
DA:1,1
DA:2,1
DA:3,1
DA:4,1
DA:5,1
DA:6,1
DA:7,2
DA:8,2
DA:9,2
DA:10,2
DA:11,2
DA:12,2
DA:13,2
DA:14,2
DA:15,2
DA:16,2
DA:17,2
DA:18,2
DA:19,2
DA:20,2
DA:21,2
DA:22,2
DA:23,1
DA:24,1
LF:24
LH:24
BRDA:7,0,0,2
BRDA:9,1,0,2
BRDA:14,2,0,2
BRF:3
BRH:3
end_of_record
TN:
SF:src/gestorfichero/GestorFichero.ts
FN:27,<instance_members_initializer>
FN:32,GestorFichero
FN:39,escribir_archivo
FN:91,mostrar_archivo
FN:146,search_archivo
FN:195,borrar_archivo
FN:245,modificar_archivo
FNF:7
FNH:7
FNDA:7,<instance_members_initializer>
FNDA:7,GestorFichero
FNDA:3,escribir_archivo
FNDA:1,mostrar_archivo
FNDA:1,search_archivo
FNDA:1,borrar_archivo
FNDA:1,modificar_archivo
DA:1,1
DA:2,1
DA:3,1
DA:4,1
DA:5,1
DA:6,1
DA:7,1
DA:8,1
DA:9,1
DA:10,1
DA:11,1
DA:12,1
DA:13,1
DA:14,1
DA:15,1
DA:16,1
DA:17,1
DA:18,1
DA:19,1
DA:20,1
DA:21,1
DA:22,1
DA:23,1
DA:24,1
DA:25,1
DA:26,1
DA:27,7
DA:28,7
DA:29,7
DA:30,7
DA:31,7
DA:32,7
DA:33,7
DA:34,7
DA:35,7
DA:36,7
DA:37,7
DA:38,7
DA:39,7
DA:40,3
DA:41,3
DA:42,3
DA:43,3
DA:44,3
DA:45,0
DA:46,0
DA:47,0
DA:48,0
DA:49,0
DA:50,0
DA:51,0
DA:52,0
DA:53,0
DA:54,0
DA:55,0
DA:56,0
DA:57,0
DA:58,0
DA:59,0
DA:60,0
DA:61,0
DA:62,0
DA:63,0
DA:64,0
DA:65,0
DA:66,3
DA:67,3
DA:68,3
DA:69,3
DA:70,3
DA:71,0
DA:72,0
DA:73,0
DA:74,3
DA:75,3
DA:76,3
DA:77,3
DA:78,3
DA:79,3
DA:80,3
DA:81,3
DA:82,3
DA:83,3
DA:84,3
DA:85,3
DA:86,7
DA:87,7
DA:88,7
DA:89,7
DA:90,7
DA:91,7
DA:92,1
DA:93,1
DA:94,0
DA:95,1
DA:96,1
DA:97,1
DA:98,0
DA:99,0
DA:100,0
DA:101,1
DA:102,1
DA:103,1
DA:104,4
DA:105,4
DA:106,0
DA:107,0
DA:108,0
DA:109,4
DA:110,4
DA:111,4
DA:112,4
DA:113,4
DA:114,4
DA:115,4
DA:116,0
DA:117,0
DA:118,4
DA:119,1
DA:120,4
DA:121,3
DA:122,3
DA:123,4
DA:124,4
DA:125,4
DA:126,4
DA:127,4
DA:128,4
DA:129,4
DA:130,4
DA:131,1
DA:132,1
DA:133,4
DA:134,4
DA:135,1
DA:136,1
DA:137,1
DA:138,1
DA:139,1
DA:140,7
DA:141,7
DA:142,7
DA:143,7
DA:144,7
DA:145,7
DA:146,1
DA:147,1
DA:148,1
DA:149,1
DA:150,1
DA:151,1
DA:152,0
DA:153,1
DA:154,1
DA:155,1
DA:156,0
DA:157,1
DA:158,1
DA:159,4
DA:160,4
DA:161,4
DA:162,4
DA:163,4
DA:164,4
DA:165,0
DA:166,4
DA:167,4
DA:168,4
DA:169,0
DA:170,0
DA:171,4
DA:172,1
DA:173,4
DA:174,3
DA:175,3
DA:176,4
DA:177,4
DA:178,1
DA:179,1
DA:180,1
DA:181,4
DA:182,4
DA:183,1
DA:184,1
DA:185,1
DA:186,1
DA:187,1
DA:188,1
DA:189,7
DA:190,7
DA:191,7
DA:192,7
DA:193,7
DA:194,7
DA:195,7
DA:196,1
DA:197,1
DA:198,1
DA:199,1
DA:200,0
DA:201,1
DA:202,1
DA:203,1
DA:204,1
DA:205,1
DA:206,0
DA:207,0
DA:208,1
DA:209,1
DA:210,1
DA:211,5
DA:212,5
DA:213,5
DA:214,0
DA:215,0
DA:216,5
DA:217,5
DA:218,5
DA:219,5
DA:220,1
DA:221,1
DA:222,1
DA:223,0
DA:224,1
DA:225,1
DA:226,1
DA:227,1
DA:228,1
DA:229,1
DA:230,5
DA:231,5
DA:232,1
DA:233,1
DA:234,1
DA:235,1
DA:236,1
DA:237,1
DA:238,7
DA:239,7
DA:240,7
DA:241,7
DA:242,7
DA:243,7
DA:244,7
DA:245,7
DA:246,1
DA:247,1
DA:248,1
DA:249,1
DA:250,0
DA:251,1
DA:252,1
DA:253,1
DA:254,1
DA:255,1
DA:256,0
DA:257,0
DA:258,1
DA:259,1
DA:260,1
DA:261,4
DA:262,4
DA:263,4
DA:264,4
DA:265,0
DA:266,4
DA:267,4
DA:268,4
DA:269,4
DA:270,0
DA:271,0
DA:272,4
DA:273,4
DA:274,4
DA:275,4
DA:276,3
DA:277,3
DA:278,3
DA:279,4
DA:280,4
DA:281,4
DA:282,0
DA:283,0
DA:284,0
DA:285,0
DA:286,0
DA:287,0
DA:288,0
DA:289,0
DA:290,0
DA:291,0
DA:292,0
DA:293,0
DA:294,0
DA:295,0
DA:296,0
DA:297,0
DA:298,0
DA:299,0
DA:300,0
DA:301,0
DA:302,0
DA:303,0
DA:304,0
DA:305,0
DA:306,0
DA:307,0
DA:308,0
DA:309,0
DA:310,0
DA:311,0
DA:312,0
DA:313,0
DA:314,0
DA:315,0
DA:316,0
DA:317,0
DA:318,0
DA:319,0
DA:320,0
DA:321,0
DA:322,0
DA:323,0
DA:324,0
DA:325,0
DA:326,0
DA:327,0
DA:328,0
DA:329,0
DA:330,0
DA:331,0
DA:332,0
DA:333,0
DA:334,0
DA:335,4
DA:336,4
DA:337,4
DA:338,1
DA:339,1
DA:340,1
DA:341,1
DA:342,1
DA:343,7
DA:344,7
DA:345,1
DA:346,1
LF:346
LH:243
BRDA:27,0,0,7
BRDA:32,1,0,7
BRDA:39,2,0,3
BRDA:42,3,0,3
BRDA:44,4,0,0
BRDA:68,5,0,3
BRDA:70,6,0,0
BRDA:91,7,0,1
BRDA:92,8,0,1
BRDA:93,9,0,0
BRDA:96,10,0,1
BRDA:97,11,0,0
BRDA:103,12,0,4
BRDA:104,13,0,4
BRDA:105,14,0,0
BRDA:115,15,0,0
BRDA:115,16,0,0
BRDA:118,17,0,1
BRDA:120,18,0,3
BRDA:130,19,0,1
BRDA:146,20,0,1
BRDA:150,21,0,1
BRDA:151,22,0,0
BRDA:154,23,0,1
BRDA:155,24,0,0
BRDA:158,25,0,4
BRDA:159,26,0,0
BRDA:163,27,0,4
BRDA:164,28,0,0
BRDA:168,29,0,0
BRDA:168,30,0,0
BRDA:171,31,0,1
BRDA:173,32,0,3
BRDA:177,33,0,1
BRDA:195,34,0,1
BRDA:197,35,0,1
BRDA:199,36,0,0
BRDA:203,37,0,1
BRDA:205,38,0,0
BRDA:210,39,0,5
BRDA:211,40,0,5
BRDA:213,41,0,0
BRDA:219,42,0,1
BRDA:220,43,0,1
BRDA:222,44,0,0
BRDA:245,45,0,1
BRDA:247,46,0,1
BRDA:249,47,0,0
BRDA:253,48,0,1
BRDA:255,49,0,0
BRDA:260,50,0,4
BRDA:262,51,0,4
BRDA:264,52,0,0
BRDA:268,53,0,0
BRDA:269,54,0,0
BRDA:275,55,0,1
BRDA:276,56,0,3
BRDA:281,57,0,0
BRF:58
BRH:35
end_of_record
